[2025-06-12 07:13:28] [ERROR] Ошибка при создании роли: SQLSTATE[23000]: Integrity constraint violation: 1048 Column 'id' cannot be null
[2025-06-12 07:13:34] [ERROR] Ошибка при создании роли: SQLSTATE[23000]: Integrity constraint violation: 1048 Column 'id' cannot be null
[2025-06-12 07:14:20] [ERROR] Ошибка при создании роли: SQLSTATE[23000]: Integrity constraint violation: 1048 Column 'id' cannot be null
[2025-06-12 07:14:48] [ERROR] Ошибка при создании роли: SQLSTATE[01000]: Warning: 1265 Data truncated for column 'status' at row 1
[2025-06-12 07:17:40] [ERROR] Ошибка при создании роли: SQLSTATE[01000]: Warning: 1265 Data truncated for column 'status' at row 1
[2025-06-12 09:48:02] [ERROR] Ошибка при создании пользователя: SQLSTATE[42S22]: Column not found: 1054 Unknown column 'login' in 'field list'
[2025-06-12 09:48:06] [ERROR] Ошибка при создании пользователя: SQLSTATE[42S22]: Column not found: 1054 Unknown column 'login' in 'field list'
[2025-06-12 09:48:12] [ERROR] Ошибка при создании пользователя: SQLSTATE[42S22]: Column not found: 1054 Unknown column 'login' in 'field list'
[2025-06-12 09:53:16] [ERROR] Ошибка: неверное подключение к базе данных
[2025-06-12 09:59:22] [ERROR] Ошибка: неверное подключение к базе данных
[2025-06-12 10:02:26] [ERROR] Ошибка при создании пользователя: SQLSTATE[42S22]: Column not found: 1054 Unknown column 'password' in 'field list'
[2025-06-12 10:02:29] [ERROR] Ошибка при создании пользователя: SQLSTATE[42S22]: Column not found: 1054 Unknown column 'password' in 'field list'
[2025-06-12 10:02:29] [ERROR] Ошибка при создании пользователя: SQLSTATE[42S22]: Column not found: 1054 Unknown column 'password' in 'field list'
[2025-06-12 10:02:30] [ERROR] Ошибка при создании пользователя: SQLSTATE[42S22]: Column not found: 1054 Unknown column 'password' in 'field list'
[2025-06-12 10:04:39] [ERROR] Ошибка при создании пользователя: SQLSTATE[23000]: Integrity constraint violation: 1062 Duplicate entry 'petrenkokosta46@gmail.com' for key 'users.email'
[2025-06-12 10:05:48] [ERROR] Ошибка при создании пользователя: SQLSTATE[23000]: Integrity constraint violation: 1062 Duplicate entry 'petrenkokosta46@gmail.com' for key 'users.email'
[2025-06-12 10:07:08] [ERROR] Ошибка при создании пользователя: SQLSTATE[23000]: Integrity constraint violation: 1062 Duplicate entry 'petrenkokosta46@gmail.com' for key 'users.email'
[2025-06-12 10:08:45] [ERROR] Ошибка при создании пользователя: SQLSTATE[23000]: Integrity constraint violation: 1062 Duplicate entry 'petrenkokosta46@gmail.com' for key 'users.email'
[2025-06-12 15:01:29] [ERROR] Права для роли с ID f54d5102-406c-11f0-a214-04922657b53c не найдены.
[2025-06-12 15:02:01] [ERROR] Права для роли с ID f54d5102-406c-11f0-a214-04922657b53c не найдены.
[2025-06-12 15:02:02] [ERROR] Права для роли с ID f54d5102-406c-11f0-a214-04922657b53c не найдены.
[2025-06-12 15:02:03] [ERROR] Права для роли с ID f55216a3-406c-11f0-a214-04922657b53c не найдены.
[2025-06-12 15:02:04] [ERROR] Права для роли с ID f5521915-406c-11f0-a214-04922657b53c не найдены.
[2025-06-12 15:02:05] [ERROR] Права для роли с ID f55216a3-406c-11f0-a214-04922657b53c не найдены.
[2025-06-12 15:02:06] [ERROR] Права для роли с ID f54d5102-406c-11f0-a214-04922657b53c не найдены.
[2025-06-12 15:02:06] [ERROR] Права для роли с ID 01976261-0e3f-7274-8416-55eada4858a2 не найдены.
[2025-06-12 15:02:09] [ERROR] Права для роли с ID f54d5102-406c-11f0-a214-04922657b53c не найдены.
[2025-06-12 15:03:25] [ERROR] Права для роли с ID f54d5102-406c-11f0-a214-04922657b53c не найдены.
[2025-06-12 15:03:27] [ERROR] Права для роли с ID f54d5102-406c-11f0-a214-04922657b53c не найдены.
[2025-06-12 15:03:27] [ERROR] Права для роли с ID f55216a3-406c-11f0-a214-04922657b53c не найдены.
[2025-06-12 15:03:28] [ERROR] Права для роли с ID f5521915-406c-11f0-a214-04922657b53c не найдены.
[2025-06-12 15:03:29] [ERROR] Права для роли с ID f55216a3-406c-11f0-a214-04922657b53c не найдены.
[2025-06-12 15:03:29] [ERROR] Права для роли с ID f54d5102-406c-11f0-a214-04922657b53c не найдены.
[2025-06-12 15:04:24] [ERROR] Права для роли с ID f54d5102-406c-11f0-a214-04922657b53c не найдены.
[2025-06-12 15:04:25] [ERROR] Права для роли с ID f54d5102-406c-11f0-a214-04922657b53c не найдены.
[2025-06-12 15:04:41] [ERROR] Права для роли с ID f54d5102-406c-11f0-a214-04922657b53c не найдены.
[2025-06-12 15:06:12] [ERROR] Права для роли с ID f55216a3-406c-11f0-a214-04922657b53c не найдены.
[2025-06-12 15:06:13] [ERROR] Права для роли с ID f5521915-406c-11f0-a214-04922657b53c не найдены.
[2025-06-12 15:07:22] [ERROR] Права для роли с ID f55216a3-406c-11f0-a214-04922657b53c не найдены.
[2025-06-12 15:07:23] [ERROR] Права для роли с ID f5521915-406c-11f0-a214-04922657b53c не найдены.
[2025-06-12 15:07:23] [ERROR] Права для роли с ID f55216a3-406c-11f0-a214-04922657b53c не найдены.
[2025-06-12 15:09:28] [ERROR] Права для роли с ID f55216a3-406c-11f0-a214-04922657b53c не найдены.
[2025-06-12 15:09:29] [ERROR] Права для роли с ID f5521915-406c-11f0-a214-04922657b53c не найдены.
[2025-06-12 15:09:30] [ERROR] Права для роли с ID f55216a3-406c-11f0-a214-04922657b53c не найдены.
[2025-06-12 15:09:30] [ERROR] Права для роли с ID 01976261-0e3f-7274-8416-55eada4858a2 не найдены.
[2025-06-12 15:09:32] [ERROR] Права для роли с ID f55216a3-406c-11f0-a214-04922657b53c не найдены.
[2025-06-12 15:09:32] [ERROR] Права для роли с ID f5521915-406c-11f0-a214-04922657b53c не найдены.
[2025-06-12 15:09:33] [ERROR] Права для роли с ID f55216a3-406c-11f0-a214-04922657b53c не найдены.
[2025-06-12 15:09:33] [ERROR] Права для роли с ID 01976261-0e3f-7274-8416-55eada4858a2 не найдены.
[2025-06-12 15:09:35] [ERROR] Права для роли с ID f55216a3-406c-11f0-a214-04922657b53c не найдены.
[2025-06-12 15:09:35] [ERROR] Права для роли с ID f5521915-406c-11f0-a214-04922657b53c не найдены.
[2025-06-12 15:10:44] [ERROR] Права для роли с ID f5521915-406c-11f0-a214-04922657b53c не найдены.
[2025-06-12 15:13:50] [ERROR] Права для роли с ID 01976261-0e3f-7274-8416-55eada4858a2 не найдены.
[2025-06-12 15:13:51] [ERROR] Права для роли с ID f55216a3-406c-11f0-a214-04922657b53c не найдены.
[2025-06-12 15:13:51] [ERROR] Права для роли с ID f5521915-406c-11f0-a214-04922657b53c не найдены.
[2025-06-12 15:13:52] [ERROR] Права для роли с ID f55216a3-406c-11f0-a214-04922657b53c не найдены.
[2025-06-12 15:13:53] [ERROR] Права для роли с ID 01976261-0e3f-7274-8416-55eada4858a2 не найдены.
[2025-06-12 15:14:00] [ERROR] Права для роли с ID f55216a3-406c-11f0-a214-04922657b53c не найдены.
[2025-06-12 15:14:00] [ERROR] Права для роли с ID f5521915-406c-11f0-a214-04922657b53c не найдены.
[2025-06-12 15:14:00] [ERROR] Права для роли с ID f55216a3-406c-11f0-a214-04922657b53c не найдены.
[2025-06-12 15:14:49] [ERROR] Права для роли с ID f5521915-406c-11f0-a214-04922657b53c не найдены.
[2025-06-12 15:14:50] [ERROR] Права для роли с ID f55216a3-406c-11f0-a214-04922657b53c не найдены.
[2025-06-13 09:06:21] [ERROR] Права доступа не установлены в сессии.
[2025-06-13 09:06:41] [ERROR] Права доступа не установлены в сессии.
[2025-06-13 09:06:41] [ERROR] Права доступа не установлены в сессии.
[2025-06-13 09:06:41] [ERROR] Пользователь с ID  не имеет права 'users_control'.
[2025-06-13 09:06:43] [ERROR] Права доступа не установлены в сессии.
[2025-06-13 09:06:43] [ERROR] Права доступа не установлены в сессии.
[2025-06-13 09:06:43] [ERROR] Пользователь с ID  не имеет права 'users_control'.
[2025-06-13 09:08:18] [ERROR] Права доступа не установлены в сессии.
[2025-06-13 09:08:18] [ERROR] Права доступа не установлены в сессии.
[2025-06-13 09:08:18] [ERROR] Пользователь с ID  не имеет права 'users_control'.
[2025-06-13 09:08:32] [ERROR] Права доступа не установлены в сессии.
[2025-06-13 09:08:32] [ERROR] Права доступа не установлены в сессии.
[2025-06-13 09:08:32] [ERROR] Пользователь с ID  не имеет права 'roles_control'.
[2025-06-13 09:10:38] [ERROR] Права доступа не установлены в сессии.
[2025-06-13 09:10:41] [ERROR] Права доступа не установлены в сессии.
[2025-06-13 09:10:44] [ERROR] Права доступа не установлены в сессии.
[2025-06-13 09:10:51] [ERROR] Права доступа не установлены в сессии.
[2025-06-13 09:10:51] [ERROR] Права доступа не установлены в сессии.
[2025-06-13 09:10:53] [ERROR] Права доступа не установлены в сессии.
[2025-06-13 09:10:54] [ERROR] Права доступа не установлены в сессии.
[2025-06-13 09:10:56] [ERROR] Права доступа не установлены в сессии.
[2025-06-13 09:11:00] [ERROR] Права доступа не установлены в сессии.
[2025-06-13 09:11:02] [ERROR] Права доступа не установлены в сессии.
[2025-06-13 09:11:04] [ERROR] Права доступа не установлены в сессии.
[2025-06-13 09:11:07] [ERROR] Права доступа не установлены в сессии.
[2025-06-13 09:11:07] [ERROR] Права доступа не установлены в сессии.
[2025-06-13 09:11:08] [ERROR] Права доступа не установлены в сессии.
[2025-06-13 09:11:10] [ERROR] Права доступа не установлены в сессии.
[2025-06-13 09:11:21] [ERROR] Права доступа не установлены в сессии.
[2025-06-13 09:11:29] [ERROR] Права доступа не установлены в сессии.
[2025-06-13 09:11:31] [ERROR] Права доступа не установлены в сессии.
[2025-06-13 09:11:37] [ERROR] Права доступа не установлены в сессии.
[2025-06-13 09:12:30] [ERROR] Права доступа не установлены в сессии.
[2025-06-13 09:12:43] [ERROR] Неверный пароль для пользователя с email prodevelper69@gmail.com.
[2025-06-13 09:12:48] [ERROR] Права для роли с ID f5521915-406c-11f0-a214-04922657b53c не найдены.
[2025-06-13 09:13:04] [ERROR] Права доступа не установлены в сессии.
[2025-06-13 09:13:04] [ERROR] Проверка прав: доступ к 'users_control' запрещен.
[2025-06-13 09:13:04] [ERROR] Пользователь с ID 019767ea-a2d4-72f0-9119-bfb385a4786e не имеет права 'users_control'.
[2025-06-13 09:13:06] [ERROR] Права доступа не установлены в сессии.
[2025-06-13 09:13:06] [ERROR] Проверка прав: доступ к 'roles_control' запрещен.
[2025-06-13 09:13:06] [ERROR] Пользователь с ID 019767ea-a2d4-72f0-9119-bfb385a4786e не имеет права 'roles_control'.
[2025-06-13 09:13:25] [ERROR] Права доступа не установлены в сессии.
[2025-06-13 09:13:35] [ERROR] Права доступа не установлены в сессии.
[2025-06-13 09:13:37] [ERROR] Права доступа не установлены в сессии.
[2025-06-13 09:13:38] [ERROR] Права доступа не установлены в сессии.
[2025-06-13 09:13:41] [ERROR] Права доступа не установлены в сессии.
[2025-06-13 09:16:57] [ERROR] Права доступа не установлены в сессии.
[2025-06-13 09:16:58] [ERROR] Права доступа не установлены в сессии.
[2025-06-13 09:16:59] [ERROR] Права доступа не установлены в сессии.
[2025-06-13 09:17:01] [ERROR] Права доступа не установлены в сессии.
[2025-06-13 09:17:06] [ERROR] Права доступа не установлены в сессии.
[2025-06-13 09:17:10] [ERROR] Права доступа не установлены в сессии.
[2025-06-13 09:17:10] [ERROR] Права для роли с ID f5521915-406c-11f0-a214-04922657b53c не найдены.
[2025-06-13 09:17:15] [ERROR] Права доступа не установлены в сессии.
[2025-06-13 09:17:15] [ERROR] Права для роли с ID f5521915-406c-11f0-a214-04922657b53c не найдены.
[2025-06-13 09:17:16] [ERROR] Права доступа не установлены в сессии.
[2025-06-13 09:17:16] [ERROR] Права для роли с ID f55216a3-406c-11f0-a214-04922657b53c не найдены.
[2025-06-13 09:17:18] [ERROR] Права доступа не установлены в сессии.
[2025-06-13 09:17:23] [ERROR] Права доступа не установлены в сессии.
[2025-06-13 09:17:23] [ERROR] Права доступа не установлены в сессии.
[2025-06-13 09:17:44] [ERROR] Права доступа не установлены в сессии.
[2025-06-13 09:17:46] [ERROR] Права доступа не установлены в сессии.
[2025-06-13 09:17:47] [ERROR] Права доступа не установлены в сессии.
[2025-06-13 09:17:47] [ERROR] Права для роли с ID f55216a3-406c-11f0-a214-04922657b53c не найдены.
[2025-06-13 09:17:47] [ERROR] Права доступа не установлены в сессии.
[2025-06-13 09:17:47] [ERROR] Права для роли с ID f5521915-406c-11f0-a214-04922657b53c не найдены.
[2025-06-13 09:17:48] [ERROR] Права доступа не установлены в сессии.
[2025-06-13 09:17:48] [ERROR] Права для роли с ID f5521915-406c-11f0-a214-04922657b53c не найдены.
[2025-06-13 09:17:49] [ERROR] Права доступа не установлены в сессии.
[2025-06-13 09:18:03] [ERROR] Права доступа не установлены в сессии.
[2025-06-13 09:19:38] [ERROR] Права доступа не установлены в сессии.
[2025-06-13 09:19:47] [ERROR] Права доступа не установлены в сессии.
[2025-06-13 09:19:59] [ERROR] Права доступа не установлены в сессии.
[2025-06-13 09:21:55] [ERROR] Права доступа не установлены в сессии.
[2025-06-13 09:24:43] [ERROR] Права доступа не установлены в сессии.
[2025-06-13 09:24:43] [ERROR] Проверка прав: доступ к 'users_control' запрещен.
[2025-06-13 09:24:43] [ERROR] Пользователь с ID 019762f8-e51a-73b8-9355-1530d2816c06 не имеет права 'users_control'.
[2025-06-13 09:24:47] [ERROR] Права доступа не установлены в сессии.
[2025-06-16 16:23:47] [ERROR] Права доступа не установлены в сессии.
[2025-06-16 16:23:49] [ERROR] Права доступа не установлены в сессии.
[2025-06-16 16:24:05] [ERROR] Права доступа не установлены в сессии.
[2025-06-16 16:24:09] [ERROR] Права доступа не установлены в сессии.
[2025-06-16 16:24:09] [ERROR] Ошибка при добавлении статьи: SQLSTATE[42S22]: Column not found: 1054 Unknown column 'created_at' in 'field list'
[2025-06-16 16:25:19] [ERROR] Права доступа не установлены в сессии.
[2025-06-16 16:25:41] [ERROR] Права доступа не установлены в сессии.
[2025-06-16 16:25:46] [ERROR] Права доступа не установлены в сессии.
[2025-06-16 16:25:50] [ERROR] Права доступа не установлены в сессии.
[2025-06-16 16:26:16] [ERROR] Проверка прав: доступ к 'users_control' запрещен.
[2025-06-16 16:26:16] [ERROR] Пользователь с ID 019762f8-e51a-73b8-9355-1530d2816c06 не имеет права 'users_control'.
[2025-06-16 16:26:22] [ERROR] Проверка прав: доступ к 'users_control' запрещен.
[2025-06-16 16:26:22] [ERROR] Пользователь с ID 019762f8-e51a-73b8-9355-1530d2816c06 не имеет права 'users_control'.
[2025-06-16 16:26:25] [ERROR] Права доступа не установлены в сессии.
[2025-06-16 16:26:28] [ERROR] Права доступа не установлены в сессии.
[2025-06-16 16:27:35] [ERROR] Права доступа не установлены в сессии.
[2025-06-16 16:27:39] [ERROR] Проверка прав: доступ к 'users_control' запрещен.
[2025-06-16 16:27:39] [ERROR] Пользователь с ID 019762f8-e51a-73b8-9355-1530d2816c06 не имеет права 'users_control'.
[2025-06-16 16:28:02] [ERROR] Права доступа не установлены в сессии.
[2025-06-16 16:28:03] [ERROR] Права доступа не установлены в сессии.
[2025-06-16 16:28:07] [ERROR] Права доступа не установлены в сессии.
[2025-06-16 16:28:07] [ERROR] Права доступа не установлены в сессии.
[2025-06-16 16:28:12] [ERROR] Права доступа не установлены в сессии.
[2025-06-16 16:28:12] [ERROR] Права для роли с ID f55216a3-406c-11f0-a214-04922657b53c не найдены.
[2025-06-16 16:28:17] [ERROR] Права доступа не установлены в сессии.
[2025-06-16 16:28:19] [ERROR] Права доступа не установлены в сессии.
[2025-06-16 16:28:19] [ERROR] Права для роли с ID f55216a3-406c-11f0-a214-04922657b53c не найдены.
[2025-06-16 16:28:20] [ERROR] Права доступа не установлены в сессии.
[2025-06-16 16:28:21] [ERROR] Права доступа не установлены в сессии.
[2025-06-16 16:28:21] [ERROR] Права доступа не установлены в сессии.
[2025-06-16 16:28:59] [ERROR] Права доступа не установлены в сессии.
[2025-06-16 16:29:35] [ERROR] Права доступа не установлены в сессии.
[2025-06-16 16:30:07] [ERROR] Права доступа не установлены в сессии.
[2025-06-16 16:36:13] [ERROR] Права доступа не установлены в сессии.
[2025-06-16 16:53:05] [ERROR] Права доступа не установлены в сессии.
[2025-06-16 16:54:08] [ERROR] Права доступа не установлены в сессии.
[2025-06-17 07:39:16] [ERROR] Права доступа не установлены в сессии.
[2025-06-17 07:41:59] [ERROR] Права доступа не установлены в сессии.
[2025-06-17 07:42:28] [ERROR] Права доступа не установлены в сессии.
[2025-06-17 07:43:58] [ERROR] Права доступа не установлены в сессии.
[2025-06-17 07:44:48] [ERROR] Права доступа не установлены в сессии.
[2025-06-17 07:45:28] [ERROR] Права для роли с ID 01976261-0e3f-7274-8416-55eada4858a2 не найдены.
[2025-06-17 07:47:29] [ERROR] Права для роли с ID f55216a3-406c-11f0-a214-04922657b53c не найдены.
[2025-06-17 07:47:29] [ERROR] Права для роли с ID f5521915-406c-11f0-a214-04922657b53c не найдены.
[2025-06-17 07:47:30] [ERROR] Права для роли с ID f55216a3-406c-11f0-a214-04922657b53c не найдены.
[2025-06-17 07:53:36] [ERROR] Права для роли с ID f55216a3-406c-11f0-a214-04922657b53c не найдены.
[2025-06-17 07:53:47] [ERROR] Права для роли с ID f5521915-406c-11f0-a214-04922657b53c не найдены.
[2025-06-17 07:54:18] [ERROR] Неверный пароль для пользователя с email prodevelper69@gmail.com.
[2025-06-17 07:54:49] [ERROR] Неверный пароль для пользователя с email prodevelper69@gmail.com.
[2025-06-17 07:54:55] [ERROR] Неверный пароль для пользователя с email prodevelper69@gmail.com.
[2025-06-17 07:55:00] [ERROR] Некорректный email или пароль.
[2025-06-17 07:55:08] [ERROR] Неверный пароль для пользователя с email prodevelper69@gmail.com.
[2025-06-17 07:55:39] [ERROR] Неверный пароль для пользователя с email prodevelper69@gmail.com.
[2025-06-17 07:55:47] [ERROR] Некорректный email или пароль.
[2025-06-17 07:57:35] [ERROR] Проверка прав: доступ к 'roles_control' запрещен.
[2025-06-17 07:57:35] [ERROR] Проверка прав: доступ к 'roles_control' запрещен.
[2025-06-17 07:57:35] [ERROR] Пользователь с ID 01977c3f-3d8f-73bc-b079-872bdb5dca76 не имеет права 'roles_control'.
[2025-06-17 07:57:37] [ERROR] Проверка прав: доступ к 'users_control' запрещен.
[2025-06-17 07:57:37] [ERROR] Проверка прав: доступ к 'users_control' запрещен.
[2025-06-17 07:57:37] [ERROR] Пользователь с ID 01977c3f-3d8f-73bc-b079-872bdb5dca76 не имеет права 'users_control'.
[2025-06-17 07:57:42] [ERROR] Проверка прав: доступ к 'pages_control' запрещен.
[2025-06-17 07:57:42] [ERROR] Пользователь с ID 01977c3f-3d8f-73bc-b079-872bdb5dca76 не имеет права 'pages_control'.
[2025-06-17 07:58:44] [ERROR] Проверка прав: доступ к 'users_control' запрещен.
[2025-06-17 07:58:44] [ERROR] Проверка прав: доступ к 'users_control' запрещен.
[2025-06-17 07:58:44] [ERROR] Пользователь с ID 01977c3f-3d8f-73bc-b079-872bdb5dca76 не имеет права 'users_control'.
[2025-06-17 07:58:47] [ERROR] Проверка прав: доступ к 'roles_control' запрещен.
[2025-06-17 07:58:47] [ERROR] Проверка прав: доступ к 'roles_control' запрещен.
[2025-06-17 07:58:47] [ERROR] Пользователь с ID 01977c3f-3d8f-73bc-b079-872bdb5dca76 не имеет права 'roles_control'.
[2025-06-17 08:01:08] [ERROR] Проверка прав: доступ к 'users_control' запрещен.
[2025-06-17 08:01:08] [ERROR] Проверка прав: доступ к 'users_control' запрещен.
[2025-06-17 08:01:08] [ERROR] Пользователь с ID 01977c3f-3d8f-73bc-b079-872bdb5dca76 не имеет права 'users_control'.
[2025-06-19 11:53:30] [ERROR] Права доступа не установлены в сессии.
[2025-06-22 15:28:30] [ERROR] Ошибка загрузки файла: 
[2025-06-22 15:29:37] [ERROR] Ошибка загрузки файла: 
[2025-06-22 15:29:39] [ERROR] Ошибка загрузки файла: 
[2025-06-22 15:29:54] [ERROR] Ошибка загрузки файла: 
[2025-06-22 15:30:22] [ERROR] Ошибка загрузки файла.
[2025-06-22 15:30:58] [ERROR] Ошибка загрузки файла.
[2025-06-22 15:31:07] [ERROR] Ошибка загрузки файла.юююююю
[2025-06-22 15:34:50] [ERROR] Ошибка загрузки файла.юююююю
[2025-06-22 15:34:55] [ERROR] Ошибка загрузки файла.юююююю
[2025-06-22 15:42:15] [ERROR] Ошибка загрузки файла.юююююю
[2025-06-22 15:42:16] [ERROR] Ошибка загрузки файла.юююююю
[2025-06-22 15:43:26] [ERROR] Ошибка при создании новости: SQLSTATE[42S22]: Column not found: 1054 Unknown column 'anounse' in 'field list'
[2025-06-26 12:45:40] [ERROR] Права доступа не установлены в сессии.
[2025-06-26 12:45:40] [ERROR] Права доступа не установлены в сессии.
[2025-06-26 12:45:40] [ERROR] Пользователь с ID  не имеет права 'users_control'.
[2025-06-26 12:45:42] [ERROR] Права доступа не установлены в сессии.
[2025-06-26 12:45:42] [ERROR] Права доступа не установлены в сессии.
[2025-06-26 12:45:42] [ERROR] Пользователь с ID  не имеет права 'roles_control'.
[2025-06-26 12:45:44] [ERROR] Права доступа не установлены в сессии.
[2025-06-26 12:45:44] [ERROR] Пользователь с ID  не имеет права 'news_control'.
[2025-06-26 12:47:05] [ERROR] Неверный пароль для пользователя с email petrenkokosta46@gmail.com.
[2025-06-26 12:47:14] [ERROR] Неверный пароль для пользователя с email petrenkokosta46@gmail.com.
[2025-06-26 12:47:37] [ERROR] Неверный пароль для пользователя с email prodevelper69@gmail.com.
